2014-03-03 23:09:37,737 - Log4JLogChute initialized using file 'velocity.log'
2014-03-03 23:09:37,738 - Velocity was not initialized! Calling init()...
2014-03-03 23:09:37,738 - Starting Apache Velocity v1.5 (compiled: 2007-02-22 08:52:29)
2014-03-03 23:09:37,738 - Default Properties File: org\apache\velocity\runtime\defaults\velocity.properties
2014-03-03 23:09:37,738 - Trying to use logger class org.apache.velocity.runtime.log.AvalonLogChute
2014-03-03 23:09:37,739 - Couldn't find class org.apache.velocity.runtime.log.AvalonLogChute or necessary supporting classes in classpath.
java.lang.NoClassDefFoundError: org/apache/log/format/Formatter
	at java.lang.Class.forName0(Native Method)
	at java.lang.Class.forName(Class.java:249)
	at org.apache.velocity.util.ClassUtils.getClass(ClassUtils.java:63)
	at org.apache.velocity.util.ClassUtils.getNewInstance(ClassUtils.java:95)
	at org.apache.velocity.runtime.log.LogManager.createLogChute(LogManager.java:147)
	at org.apache.velocity.runtime.log.LogManager.updateLog(LogManager.java:208)
	at org.apache.velocity.runtime.RuntimeInstance.initializeLog(RuntimeInstance.java:728)
	at org.apache.velocity.runtime.RuntimeInstance.init(RuntimeInstance.java:240)
	at org.apache.velocity.runtime.RuntimeInstance.parse(RuntimeInstance.java:993)
	at org.apache.velocity.runtime.RuntimeInstance.parse(RuntimeInstance.java:972)
	at org.apache.velocity.runtime.RuntimeSingleton.parse(RuntimeSingleton.java:265)
	at org.apache.velocity.app.Velocity.evaluate(Velocity.java:274)
	at org.sonatype.mavenbook.weather.WeatherFormatter.format(WeatherFormatter.java:21)
	at org.sonatype.mavenbook.weather.WeatherFormatterTest.testFormat(WeatherFormatterTest.java:23)
	at sun.reflect.NativeMethodAccessorImpl.invoke0(Native Method)
	at sun.reflect.NativeMethodAccessorImpl.invoke(NativeMethodAccessorImpl.java:39)
	at sun.reflect.DelegatingMethodAccessorImpl.invoke(DelegatingMethodAccessorImpl.java:25)
	at java.lang.reflect.Method.invoke(Method.java:597)
	at junit.framework.TestCase.runTest(TestCase.java:154)
	at junit.framework.TestCase.runBare(TestCase.java:127)
	at junit.framework.TestResult$1.protect(TestResult.java:106)
	at junit.framework.TestResult.runProtected(TestResult.java:124)
	at junit.framework.TestResult.run(TestResult.java:109)
	at junit.framework.TestCase.run(TestCase.java:118)
	at junit.framework.TestSuite.runTest(TestSuite.java:208)
	at junit.framework.TestSuite.run(TestSuite.java:203)
	at sun.reflect.NativeMethodAccessorImpl.invoke0(Native Method)
	at sun.reflect.NativeMethodAccessorImpl.invoke(NativeMethodAccessorImpl.java:39)
	at sun.reflect.DelegatingMethodAccessorImpl.invoke(DelegatingMethodAccessorImpl.java:25)
	at java.lang.reflect.Method.invoke(Method.java:597)
	at org.apache.maven.surefire.junit.JUnitTestSet.execute(JUnitTestSet.java:95)
	at org.apache.maven.surefire.junit.JUnit3Provider.executeTestSet(JUnit3Provider.java:121)
	at org.apache.maven.surefire.junit.JUnit3Provider.invoke(JUnit3Provider.java:98)
	at sun.reflect.NativeMethodAccessorImpl.invoke0(Native Method)
	at sun.reflect.NativeMethodAccessorImpl.invoke(NativeMethodAccessorImpl.java:39)
	at sun.reflect.DelegatingMethodAccessorImpl.invoke(DelegatingMethodAccessorImpl.java:25)
	at java.lang.reflect.Method.invoke(Method.java:597)
	at org.apache.maven.surefire.util.ReflectionUtils.invokeMethodWithArray(ReflectionUtils.java:189)
	at org.apache.maven.surefire.booter.ProviderFactory$ProviderProxy.invoke(ProviderFactory.java:165)
	at org.apache.maven.surefire.booter.ProviderFactory.invokeProvider(ProviderFactory.java:85)
	at org.apache.maven.surefire.booter.ForkedBooter.runSuitesInProcess(ForkedBooter.java:115)
	at org.apache.maven.surefire.booter.ForkedBooter.main(ForkedBooter.java:75)
Caused by: java.lang.ClassNotFoundException: org.apache.log.format.Formatter
	at java.net.URLClassLoader$1.run(URLClassLoader.java:202)
	at java.security.AccessController.doPrivileged(Native Method)
	at java.net.URLClassLoader.findClass(URLClassLoader.java:190)
	at java.lang.ClassLoader.loadClass(ClassLoader.java:306)
	at sun.misc.Launcher$AppClassLoader.loadClass(Launcher.java:301)
	at java.lang.ClassLoader.loadClass(ClassLoader.java:247)
	... 42 more
2014-03-03 23:09:37,740 - Trying to use logger class org.apache.velocity.runtime.log.Log4JLogChute
2014-03-03 23:09:37,740 - Using logger class org.apache.velocity.runtime.log.Log4JLogChute
2014-03-03 23:09:37,742 - Default ResourceManager initializing. (class org.apache.velocity.runtime.resource.ResourceManagerImpl)
2014-03-03 23:09:37,745 - ResourceLoader instantiated: org.apache.velocity.runtime.resource.loader.FileResourceLoader
2014-03-03 23:09:37,745 - Do unicode file recognition:  false
2014-03-03 23:09:37,746 - FileResourceLoader : adding path '.'
2014-03-03 23:09:37,756 - ResourceCache: initialized (class org.apache.velocity.runtime.resource.ResourceCacheImpl)
2014-03-03 23:09:37,757 - Loaded System Directive: org.apache.velocity.runtime.directive.Literal
2014-03-03 23:09:37,758 - Loaded System Directive: org.apache.velocity.runtime.directive.Macro
2014-03-03 23:09:37,759 - Loaded System Directive: org.apache.velocity.runtime.directive.Parse
2014-03-03 23:09:37,760 - Loaded System Directive: org.apache.velocity.runtime.directive.Include
2014-03-03 23:09:37,761 - Loaded System Directive: org.apache.velocity.runtime.directive.Foreach
2014-03-03 23:09:37,788 - Created '20' parsers.
2014-03-03 23:09:37,793 - Velocimacro : "velocimacro.library" is not set.  Trying default library: VM_global_library.vm
2014-03-03 23:09:37,794 - Velocimacro : Default library not found.
2014-03-03 23:09:37,794 - Velocimacro : allowInline = true : VMs can be defined inline in templates
2014-03-03 23:09:37,794 - Velocimacro : allowInlineToOverride = false : VMs defined inline may NOT replace previous VM definitions
2014-03-03 23:09:37,794 - Velocimacro : allowInlineLocal = false : VMs defined inline will be global in scope if allowed.
2014-03-03 23:09:37,794 - Velocimacro : autoload off : VM system will not automatically reload global library macros
2014-03-19 20:27:58,077 - Log4JLogChute initialized using file 'velocity.log'
2014-03-19 20:27:58,092 - Velocity was not initialized! Calling init()...
2014-03-19 20:27:58,092 - Starting Apache Velocity v1.5 (compiled: 2007-02-22 08:52:29)
2014-03-19 20:27:58,092 - Default Properties File: org\apache\velocity\runtime\defaults\velocity.properties
2014-03-19 20:27:58,092 - Trying to use logger class org.apache.velocity.runtime.log.AvalonLogChute
2014-03-19 20:27:58,094 - Couldn't find class org.apache.velocity.runtime.log.AvalonLogChute or necessary supporting classes in classpath.
java.lang.NoClassDefFoundError: org/apache/log/format/Formatter
	at java.lang.Class.forName0(Native Method)
	at java.lang.Class.forName(Class.java:249)
	at org.apache.velocity.util.ClassUtils.getClass(ClassUtils.java:63)
	at org.apache.velocity.util.ClassUtils.getNewInstance(ClassUtils.java:95)
	at org.apache.velocity.runtime.log.LogManager.createLogChute(LogManager.java:147)
	at org.apache.velocity.runtime.log.LogManager.updateLog(LogManager.java:208)
	at org.apache.velocity.runtime.RuntimeInstance.initializeLog(RuntimeInstance.java:728)
	at org.apache.velocity.runtime.RuntimeInstance.init(RuntimeInstance.java:240)
	at org.apache.velocity.runtime.RuntimeInstance.parse(RuntimeInstance.java:993)
	at org.apache.velocity.runtime.RuntimeInstance.parse(RuntimeInstance.java:972)
	at org.apache.velocity.runtime.RuntimeSingleton.parse(RuntimeSingleton.java:265)
	at org.apache.velocity.app.Velocity.evaluate(Velocity.java:274)
	at org.sonatype.mavenbook.weather.WeatherFormatter.format(WeatherFormatter.java:21)
	at org.sonatype.mavenbook.weather.WeatherFormatterTest.testFormat(WeatherFormatterTest.java:23)
	at sun.reflect.NativeMethodAccessorImpl.invoke0(Native Method)
	at sun.reflect.NativeMethodAccessorImpl.invoke(NativeMethodAccessorImpl.java:39)
	at sun.reflect.DelegatingMethodAccessorImpl.invoke(DelegatingMethodAccessorImpl.java:25)
	at java.lang.reflect.Method.invoke(Method.java:597)
	at junit.framework.TestCase.runTest(TestCase.java:154)
	at junit.framework.TestCase.runBare(TestCase.java:127)
	at junit.framework.TestResult$1.protect(TestResult.java:106)
	at junit.framework.TestResult.runProtected(TestResult.java:124)
	at junit.framework.TestResult.run(TestResult.java:109)
	at junit.framework.TestCase.run(TestCase.java:118)
	at junit.framework.TestSuite.runTest(TestSuite.java:208)
	at junit.framework.TestSuite.run(TestSuite.java:203)
	at sun.reflect.NativeMethodAccessorImpl.invoke0(Native Method)
	at sun.reflect.NativeMethodAccessorImpl.invoke(NativeMethodAccessorImpl.java:39)
	at sun.reflect.DelegatingMethodAccessorImpl.invoke(DelegatingMethodAccessorImpl.java:25)
	at java.lang.reflect.Method.invoke(Method.java:597)
	at org.apache.maven.surefire.junit.JUnitTestSet.execute(JUnitTestSet.java:95)
	at org.apache.maven.surefire.junit.JUnit3Provider.executeTestSet(JUnit3Provider.java:121)
	at org.apache.maven.surefire.junit.JUnit3Provider.invoke(JUnit3Provider.java:98)
	at sun.reflect.NativeMethodAccessorImpl.invoke0(Native Method)
	at sun.reflect.NativeMethodAccessorImpl.invoke(NativeMethodAccessorImpl.java:39)
	at sun.reflect.DelegatingMethodAccessorImpl.invoke(DelegatingMethodAccessorImpl.java:25)
	at java.lang.reflect.Method.invoke(Method.java:597)
	at org.apache.maven.surefire.util.ReflectionUtils.invokeMethodWithArray(ReflectionUtils.java:189)
	at org.apache.maven.surefire.booter.ProviderFactory$ProviderProxy.invoke(ProviderFactory.java:165)
	at org.apache.maven.surefire.booter.ProviderFactory.invokeProvider(ProviderFactory.java:85)
	at org.apache.maven.surefire.booter.ForkedBooter.runSuitesInProcess(ForkedBooter.java:115)
	at org.apache.maven.surefire.booter.ForkedBooter.main(ForkedBooter.java:75)
Caused by: java.lang.ClassNotFoundException: org.apache.log.format.Formatter
	at java.net.URLClassLoader$1.run(URLClassLoader.java:202)
	at java.security.AccessController.doPrivileged(Native Method)
	at java.net.URLClassLoader.findClass(URLClassLoader.java:190)
	at java.lang.ClassLoader.loadClass(ClassLoader.java:306)
	at sun.misc.Launcher$AppClassLoader.loadClass(Launcher.java:301)
	at java.lang.ClassLoader.loadClass(ClassLoader.java:247)
	... 42 more
2014-03-19 20:27:58,095 - Trying to use logger class org.apache.velocity.runtime.log.Log4JLogChute
2014-03-19 20:27:58,095 - Using logger class org.apache.velocity.runtime.log.Log4JLogChute
2014-03-19 20:27:58,097 - Default ResourceManager initializing. (class org.apache.velocity.runtime.resource.ResourceManagerImpl)
2014-03-19 20:27:58,101 - ResourceLoader instantiated: org.apache.velocity.runtime.resource.loader.FileResourceLoader
2014-03-19 20:27:58,102 - Do unicode file recognition:  false
2014-03-19 20:27:58,102 - FileResourceLoader : adding path '.'
2014-03-19 20:27:58,125 - ResourceCache: initialized (class org.apache.velocity.runtime.resource.ResourceCacheImpl)
2014-03-19 20:27:58,126 - Loaded System Directive: org.apache.velocity.runtime.directive.Literal
2014-03-19 20:27:58,127 - Loaded System Directive: org.apache.velocity.runtime.directive.Macro
2014-03-19 20:27:58,129 - Loaded System Directive: org.apache.velocity.runtime.directive.Parse
2014-03-19 20:27:58,130 - Loaded System Directive: org.apache.velocity.runtime.directive.Include
2014-03-19 20:27:58,130 - Loaded System Directive: org.apache.velocity.runtime.directive.Foreach
2014-03-19 20:27:58,159 - Created '20' parsers.
2014-03-19 20:27:58,164 - Velocimacro : "velocimacro.library" is not set.  Trying default library: VM_global_library.vm
2014-03-19 20:27:58,165 - Velocimacro : Default library not found.
2014-03-19 20:27:58,165 - Velocimacro : allowInline = true : VMs can be defined inline in templates
2014-03-19 20:27:58,165 - Velocimacro : allowInlineToOverride = false : VMs defined inline may NOT replace previous VM definitions
2014-03-19 20:27:58,165 - Velocimacro : allowInlineLocal = false : VMs defined inline will be global in scope if allowed.
2014-03-19 20:27:58,165 - Velocimacro : autoload off : VM system will not automatically reload global library macros
